This is pdfTeX, Version 3.1415926-2.5-1.40.14 (TeX Live 2013/Debian) (format=pdflatex 2017.6.8)  9 JUN 2017 10:46
entering extended mode
 restricted \write18 enabled.
 %&-line parsing enabled.
**presentation.tex
(./presentation.tex
LaTeX2e <2011/06/27>
Babel <3.9h> and hyphenation patterns for 78 languages loaded.
(./ETHpres.cls
Document Class: ETHpres 2014/01/02 ETH Presentation Ver. 2.2
(/usr/share/texlive/texmf-dist/tex/latex/base/ifthen.sty
Package: ifthen 2001/05/26 v1.1c Standard LaTeX ifthen package (DPC)
)
(/usr/share/texlive/texmf-dist/tex/latex/base/fix-cm.sty
Package: fix-cm 2006/09/13 v1.1m fixes to LaTeX

(/usr/share/texlive/texmf-dist/tex/latex/base/ts1enc.def
File: ts1enc.def 2001/06/05 v3.0e (jk/car/fm) Standard LaTeX file
))
(/usr/share/texlive/texmf-dist/tex/latex/oberdiek/kvoptions.sty
Package: kvoptions 2011/06/30 v3.11 Key value format for package options (HO)

(/usr/share/texlive/texmf-dist/tex/latex/graphics/keyval.sty
Package: keyval 1999/03/16 v1.13 key=value parser (DPC)
\KV@toks@=\toks14
)
(/usr/share/texlive/texmf-dist/tex/generic/oberdiek/ltxcmds.sty
Package: ltxcmds 2011/11/09 v1.22 LaTeX kernel commands for general use (HO)
)
(/usr/share/texlive/texmf-dist/tex/generic/oberdiek/kvsetkeys.sty
Package: kvsetkeys 2012/04/25 v1.16 Key value parser (HO)

(/usr/share/texlive/texmf-dist/tex/generic/oberdiek/infwarerr.sty
Package: infwarerr 2010/04/08 v1.3 Providing info/warning/error messages (HO)
)
(/usr/share/texlive/texmf-dist/tex/generic/oberdiek/etexcmds.sty
Package: etexcmds 2011/02/16 v1.5 Avoid name clashes with e-TeX commands (HO)

(/usr/share/texlive/texmf-dist/tex/generic/oberdiek/ifluatex.sty
Package: ifluatex 2010/03/01 v1.3 Provides the ifluatex switch (HO)
Package ifluatex Info: LuaTeX not detected.
)
Package etexcmds Info: Could not find \expanded.
(etexcmds)             That can mean that you are not using pdfTeX 1.50 or
(etexcmds)             that some package has redefined \expanded.
(etexcmds)             In the latter case, load this package earlier.
)))
(/usr/share/texlive/texmf-dist/tex/latex/koma-script/scrartcl.cls
Document Class: scrartcl 2013/12/19 v3.12 KOMA-Script document class (article)
(/usr/share/texlive/texmf-dist/tex/latex/koma-script/scrkbase.sty
Package: scrkbase 2013/12/19 v3.12 KOMA-Script package (KOMA-Script-dependent b
asics and keyval usage)

(/usr/share/texlive/texmf-dist/tex/latex/koma-script/scrbase.sty
Package: scrbase 2013/12/19 v3.12 KOMA-Script package (KOMA-Script-independent 
basics and keyval usage)

(/usr/share/texlive/texmf-dist/tex/latex/koma-script/scrlfile.sty
Package: scrlfile 2013/12/19 v3.12 KOMA-Script package (loading files)

Package scrlfile, 2013/12/19 v3.12 KOMA-Script package (loading files)
                  Copyright (C) Markus Kohm

))) (/usr/share/texlive/texmf-dist/tex/latex/koma-script/tocbasic.sty
Package: tocbasic 2013/12/19 v3.12 KOMA-Script package (handling toc-files)
)
Package tocbasic Info: omitting babel extension for `toc'
(tocbasic)             because of feature `nobabel' available
(tocbasic)             for `toc' on input line 115.
Package tocbasic Info: omitting babel extension for `lof'
(tocbasic)             because of feature `nobabel' available
(tocbasic)             for `lof' on input line 116.
Package tocbasic Info: omitting babel extension for `lot'
(tocbasic)             because of feature `nobabel' available
(tocbasic)             for `lot' on input line 117.
Class scrartcl Info: File `scrsize11pt.clo' used to setup font sizes on input l
ine 1531.

(/usr/share/texlive/texmf-dist/tex/latex/koma-script/scrsize11pt.clo
File: scrsize11pt.clo 2013/12/19 v3.12 KOMA-Script font size class option (11pt
)
)
(/usr/share/texlive/texmf-dist/tex/latex/koma-script/typearea.sty
Package: typearea 2013/12/19 v3.12 KOMA-Script package (type area)

Package typearea, 2013/12/19 v3.12 KOMA-Script package (type area)
                  Copyright (C) Frank Neukam, 1992-1994
                  Copyright (C) Markus Kohm, 1994-

\ta@bcor=\skip41
\ta@div=\count79
\ta@hblk=\skip42
\ta@vblk=\skip43
\ta@temp=\skip44
\footheight=\skip45
Package typearea Info: These are the values describing the layout:
(typearea)             DIV  = 10
(typearea)             BCOR = 0.0pt
(typearea)             \paperwidth      = 597.50793pt
(typearea)              \textwidth      = 418.25555pt
(typearea)              DIV departure   = -6%
(typearea)              \evensidemargin = 17.3562pt
(typearea)              \oddsidemargin  = 17.3562pt
(typearea)             \paperheight     = 845.04694pt
(typearea)              \textheight     = 595.80026pt
(typearea)              \topmargin      = -25.16531pt
(typearea)              \headheight     = 17.0pt
(typearea)              \headsep        = 20.40001pt
(typearea)              \topskip        = 11.0pt
(typearea)              \footskip       = 47.6pt
(typearea)              \baselineskip   = 13.6pt
(typearea)              on input line 1330.
)
\c@part=\count80
\c@section=\count81
\c@subsection=\count82
\c@subsubsection=\count83
\c@paragraph=\count84
\c@subparagraph=\count85
\abovecaptionskip=\skip46
\belowcaptionskip=\skip47
\c@pti@nb@sid@b@x=\box26
\c@figure=\count86
\c@table=\count87
\bibindent=\dimen102
) (/usr/share/texlive/texmf-dist/tex/latex/base/fontenc.sty
Package: fontenc 2005/09/27 v1.99g Standard LaTeX package

(/usr/share/texlive/texmf-dist/tex/latex/base/t1enc.def
File: t1enc.def 2005/09/27 v1.99g Standard LaTeX file
LaTeX Font Info:    Redeclaring font encoding T1 on input line 43.
))
(/usr/share/texmf/tex/latex/lm/lmodern.sty
Package: lmodern 2009/10/30 v1.6 Latin Modern Fonts
LaTeX Font Info:    Overwriting symbol font `operators' in version `normal'
(Font)                  OT1/cmr/m/n --> OT1/lmr/m/n on input line 22.
LaTeX Font Info:    Overwriting symbol font `letters' in version `normal'
(Font)                  OML/cmm/m/it --> OML/lmm/m/it on input line 23.
LaTeX Font Info:    Overwriting symbol font `symbols' in version `normal'
(Font)                  OMS/cmsy/m/n --> OMS/lmsy/m/n on input line 24.
LaTeX Font Info:    Overwriting symbol font `largesymbols' in version `normal'
(Font)                  OMX/cmex/m/n --> OMX/lmex/m/n on input line 25.
LaTeX Font Info:    Overwriting symbol font `operators' in version `bold'
(Font)                  OT1/cmr/bx/n --> OT1/lmr/bx/n on input line 26.
LaTeX Font Info:    Overwriting symbol font `letters' in version `bold'
(Font)                  OML/cmm/b/it --> OML/lmm/b/it on input line 27.
LaTeX Font Info:    Overwriting symbol font `symbols' in version `bold'
(Font)                  OMS/cmsy/b/n --> OMS/lmsy/b/n on input line 28.
LaTeX Font Info:    Overwriting symbol font `largesymbols' in version `bold'
(Font)                  OMX/cmex/m/n --> OMX/lmex/m/n on input line 29.
LaTeX Font Info:    Overwriting math alphabet `\mathbf' in version `normal'
(Font)                  OT1/cmr/bx/n --> OT1/lmr/bx/n on input line 31.
LaTeX Font Info:    Overwriting math alphabet `\mathsf' in version `normal'
(Font)                  OT1/cmss/m/n --> OT1/lmss/m/n on input line 32.
LaTeX Font Info:    Overwriting math alphabet `\mathit' in version `normal'
(Font)                  OT1/cmr/m/it --> OT1/lmr/m/it on input line 33.
LaTeX Font Info:    Overwriting math alphabet `\mathtt' in version `normal'
(Font)                  OT1/cmtt/m/n --> OT1/lmtt/m/n on input line 34.
LaTeX Font Info:    Overwriting math alphabet `\mathbf' in version `bold'
(Font)                  OT1/cmr/bx/n --> OT1/lmr/bx/n on input line 35.
LaTeX Font Info:    Overwriting math alphabet `\mathsf' in version `bold'
(Font)                  OT1/cmss/bx/n --> OT1/lmss/bx/n on input line 36.
LaTeX Font Info:    Overwriting math alphabet `\mathit' in version `bold'
(Font)                  OT1/cmr/bx/it --> OT1/lmr/bx/it on input line 37.
LaTeX Font Info:    Overwriting math alphabet `\mathtt' in version `bold'
(Font)                  OT1/cmtt/m/n --> OT1/lmtt/m/n on input line 38.
)
(/usr/share/texlive/texmf-dist/tex/latex/psnfss/helvet.sty
Package: helvet 2005/04/12 PSNFSS-v9.2a (WaS) 
) (./sfmath.sty
Package: sfmath 2007/08/27 v0.8 sans serif maths
LaTeX Font Info:    Overwriting symbol font `operators' in version `normal'
(Font)                  OT1/lmr/m/n --> OT1/phv/m/n on input line 329.
LaTeX Font Info:    Overwriting symbol font `operators' in version `bold'
(Font)                  OT1/lmr/bx/n --> OT1/phv/bx/n on input line 330.
\symSFMath=\mathgroup4
LaTeX Font Info:    Overwriting symbol font `SFMath' in version `normal'
(Font)                  OT1/phv/m/sl --> OT1/phv/m/sl on input line 343.
LaTeX Font Info:    Overwriting symbol font `SFMath' in version `bold'
(Font)                  OT1/phv/m/sl --> OT1/phv/bx/sl on input line 344.
LaTeX Font Info:    Redeclaring math symbol \imath on input line 398.
LaTeX Font Info:    Redeclaring math symbol \jmath on input line 399.
\symSFMathUp=\mathgroup5
LaTeX Font Info:    Overwriting symbol font `SFMathUp' in version `normal'
(Font)                  OT1/phv/m/n --> OT1/phv/m/n on input line 406.
LaTeX Font Info:    Overwriting symbol font `SFMathUp' in version `bold'
(Font)                  OT1/phv/m/n --> OT1/phv/bx/n on input line 407.
LaTeX Font Info:    Redeclaring math symbol \ldotp on input line 410.
\symSFMathGreek=\mathgroup6
LaTeX Font Info:    Overwriting symbol font `SFMathGreek' in version `normal'
(Font)                  OT1/cmss/m/n --> OT1/cmss/m/n on input line 419.
LaTeX Font Info:    Overwriting symbol font `SFMathGreek' in version `bold'
(Font)                  OT1/cmss/m/n --> OT1/cmss/bx/n on input line 420.
LaTeX Font Info:    Redeclaring math symbol \Gamma on input line 422.
LaTeX Font Info:    Redeclaring math symbol \Delta on input line 423.
LaTeX Font Info:    Redeclaring math symbol \Theta on input line 424.
LaTeX Font Info:    Redeclaring math symbol \Lambda on input line 425.
LaTeX Font Info:    Redeclaring math symbol \Xi on input line 426.
LaTeX Font Info:    Redeclaring math symbol \Pi on input line 427.
LaTeX Font Info:    Redeclaring math symbol \Sigma on input line 428.
LaTeX Font Info:    Redeclaring math symbol \Upsilon on input line 429.
LaTeX Font Info:    Redeclaring math symbol \Phi on input line 430.
LaTeX Font Info:    Redeclaring math symbol \Psi on input line 431.
LaTeX Font Info:    Redeclaring math symbol \Omega on input line 432.
\symSFMathUpGreek=\mathgroup7
LaTeX Font Info:    Overwriting symbol font `SFMathUpGreek' in version `normal'

(Font)                  OT1/cmss/m/n --> OT1/cmss/m/n on input line 436.
LaTeX Font Info:    Overwriting symbol font `SFMathUpGreek' in version `bold'
(Font)                  OT1/cmss/m/n --> OT1/cmss/bx/n on input line 437.
LaTeX Font Info:    Overwriting math alphabet `\mathnormal' in version `normal'

(Font)                  OML/lmm/m/it --> OT1/phv/m/sl on input line 446.
LaTeX Font Info:    Overwriting math alphabet `\mathnormal' in version `bold'
(Font)                  OML/lmm/b/it --> OT1/phv/bx/sl on input line 447.
LaTeX Font Info:    Overwriting math alphabet `\mathrm' in version `normal'
(Font)                  OT1/phv/m/n --> OT1/phv/m/n on input line 449.
LaTeX Font Info:    Overwriting math alphabet `\mathrm' in version `bold'
(Font)                  OT1/phv/bx/n --> OT1/phv/bx/n on input line 450.
LaTeX Font Info:    Overwriting math alphabet `\mathbf' in version `normal'
(Font)                  OT1/lmr/bx/n --> OT1/phv/bx/n on input line 452.
LaTeX Font Info:    Overwriting math alphabet `\mathbf' in version `bold'
(Font)                  OT1/lmr/bx/n --> OT1/phv/bx/n on input line 453.
LaTeX Font Info:    Overwriting math alphabet `\mathit' in version `normal'
(Font)                  OT1/lmr/m/it --> OT1/phv/m/sl on input line 455.
LaTeX Font Info:    Overwriting math alphabet `\mathit' in version `bold'
(Font)                  OT1/lmr/bx/it --> OT1/phv/bx/sl on input line 456.
LaTeX Font Info:    Overwriting math alphabet `\mathsf' in version `normal'
(Font)                  OT1/lmss/m/n --> OT1/phv/m/n on input line 458.
LaTeX Font Info:    Overwriting math alphabet `\mathsf' in version `bold'
(Font)                  OT1/lmss/bx/n --> OT1/phv/bx/n on input line 459.
LaTeX Font Info:    Overwriting math alphabet `\mathsl' in version `bold'
(Font)                  OT1/phv/m/sl --> OT1/phv/bx/sl on input line 466.
)
(/usr/share/texlive/texmf-dist/tex/latex/microtype/microtype.sty
Package: microtype 2013/05/23 v2.5a Micro-typographical refinements (RS)
\MT@toks=\toks15
\MT@count=\count88
LaTeX Info: Redefining \textls on input line 766.
\MT@outer@kern=\dimen103
LaTeX Info: Redefining \textmicrotypecontext on input line 1285.
\MT@listname@count=\count89

(/usr/share/texlive/texmf-dist/tex/latex/microtype/microtype-pdftex.def
File: microtype-pdftex.def 2013/05/23 v2.5a Definitions specific to pdftex (RS)

LaTeX Info: Redefining \lsstyle on input line 915.
LaTeX Info: Redefining \lslig on input line 915.
\MT@outer@space=\skip48
)
Package microtype Info: Loading configuration file microtype.cfg.

(/usr/share/texlive/texmf-dist/tex/latex/microtype/microtype.cfg
File: microtype.cfg 2013/05/23 v2.5a microtype main configuration file (RS)
))
(/usr/share/texlive/texmf-dist/tex/latex/amscls/amsthm.sty
Package: amsthm 2004/08/06 v2.20
\thm@style=\toks16
\thm@bodyfont=\toks17
\thm@headfont=\toks18
\thm@notefont=\toks19
\thm@headpunct=\toks20
\thm@preskip=\skip49
\thm@postskip=\skip50
\thm@headsep=\skip51
\dth@everypar=\toks21
)
(/usr/share/texlive/texmf-dist/tex/latex/tools/bm.sty
Package: bm 2004/02/26 v1.1c Bold Symbol Support (DPC/FMi)
\symboldoperators=\mathgroup8
\symboldletters=\mathgroup9
\symboldsymbols=\mathgroup10
\symboldSFMath=\mathgroup11
LaTeX Font Info:    Redeclaring math alphabet \mathbf on input line 138.
LaTeX Info: Redefining \bm on input line 204.
)
(/usr/share/texlive/texmf-dist/tex/latex/enumitem/enumitem.sty
Package: enumitem 2011/09/28 v3.5.2 Customized lists
\labelindent=\skip52
\enit@outerparindent=\dimen104
\enit@toks=\toks22
\enit@inbox=\box27
\enitdp@description=\count90
)
(/usr/share/texmf/tex/latex/xcolor/xcolor.sty
Package: xcolor 2007/01/21 v2.11 LaTeX color extensions (UK)

(/usr/share/texlive/texmf-dist/tex/latex/latexconfig/color.cfg
File: color.cfg 2007/01/18 v1.5 color configuration of teTeX/TeXLive
)
Package xcolor Info: Driver file: pdftex.def on input line 225.

(/usr/share/texlive/texmf-dist/tex/latex/pdftex-def/pdftex.def
File: pdftex.def 2011/05/27 v0.06d Graphics/color for pdfTeX
\Gread@gobject=\count91
)
Package xcolor Info: Model `cmy' substituted by `cmy0' on input line 1337.
Package xcolor Info: Model `hsb' substituted by `rgb' on input line 1341.
Package xcolor Info: Model `RGB' extended on input line 1353.
Package xcolor Info: Model `HTML' substituted by `rgb' on input line 1355.
Package xcolor Info: Model `Hsb' substituted by `hsb' on input line 1356.
Package xcolor Info: Model `tHsb' substituted by `hsb' on input line 1357.
Package xcolor Info: Model `HSB' substituted by `hsb' on input line 1358.
Package xcolor Info: Model `Gray' substituted by `gray' on input line 1359.
Package xcolor Info: Model `wave' substituted by `hsb' on input line 1360.
)
(/usr/share/texmf/tex/latex/pgf/frontendlayer/tikz.sty
(/usr/share/texmf/tex/latex/pgf/basiclayer/pgf.sty
(/usr/share/texmf/tex/latex/pgf/utilities/pgfrcs.sty
(/usr/share/texmf/tex/generic/pgf/utilities/pgfutil-common.tex
\pgfutil@everybye=\toks23
)
(/usr/share/texmf/tex/generic/pgf/utilities/pgfutil-latex.def
\pgfutil@abb=\box28

(/usr/share/texlive/texmf-dist/tex/latex/ms/everyshi.sty
Package: everyshi 2001/05/15 v3.00 EveryShipout Package (MS)
))
(/usr/share/texmf/tex/generic/pgf/utilities/pgfrcs.code.tex
Package: pgfrcs 2010/10/25 v2.10 (rcs-revision 1.24)
))
Package: pgf 2008/01/15 v2.10 (rcs-revision 1.12)

(/usr/share/texmf/tex/latex/pgf/basiclayer/pgfcore.sty
(/usr/share/texlive/texmf-dist/tex/latex/graphics/graphicx.sty
Package: graphicx 1999/02/16 v1.0f Enhanced LaTeX Graphics (DPC,SPQR)

(/usr/share/texlive/texmf-dist/tex/latex/graphics/graphics.sty
Package: graphics 2009/02/05 v1.0o Standard LaTeX Graphics (DPC,SPQR)

(/usr/share/texlive/texmf-dist/tex/latex/graphics/trig.sty
Package: trig 1999/03/16 v1.09 sin cos tan (DPC)
)
(/usr/share/texlive/texmf-dist/tex/latex/latexconfig/graphics.cfg
File: graphics.cfg 2010/04/23 v1.9 graphics configuration of TeX Live
)
Package graphics Info: Driver file: pdftex.def on input line 91.
)
\Gin@req@height=\dimen105
\Gin@req@width=\dimen106
)
(/usr/share/texmf/tex/latex/pgf/systemlayer/pgfsys.sty
(/usr/share/texmf/tex/generic/pgf/systemlayer/pgfsys.code.tex
Package: pgfsys 2010/06/30 v2.10 (rcs-revision 1.37)

(/usr/share/texmf/tex/generic/pgf/utilities/pgfkeys.code.tex
\pgfkeys@pathtoks=\toks24
\pgfkeys@temptoks=\toks25

(/usr/share/texmf/tex/generic/pgf/utilities/pgfkeysfiltered.code.tex
\pgfkeys@tmptoks=\toks26
))
\pgf@x=\dimen107
\pgf@y=\dimen108
\pgf@xa=\dimen109
\pgf@ya=\dimen110
\pgf@xb=\dimen111
\pgf@yb=\dimen112
\pgf@xc=\dimen113
\pgf@yc=\dimen114
\w@pgf@writea=\write3
\r@pgf@reada=\read1
\c@pgf@counta=\count92
\c@pgf@countb=\count93
\c@pgf@countc=\count94
\c@pgf@countd=\count95

(/usr/share/texmf/tex/generic/pgf/systemlayer/pgf.cfg
File: pgf.cfg 2008/05/14  (rcs-revision 1.7)
)
Package pgfsys Info: Driver file for pgf: pgfsys-pdftex.def on input line 900.

(/usr/share/texmf/tex/generic/pgf/systemlayer/pgfsys-pdftex.def
File: pgfsys-pdftex.def 2009/05/22  (rcs-revision 1.26)

(/usr/share/texmf/tex/generic/pgf/systemlayer/pgfsys-common-pdf.def
File: pgfsys-common-pdf.def 2008/05/19  (rcs-revision 1.10)
)))
(/usr/share/texmf/tex/generic/pgf/systemlayer/pgfsyssoftpath.code.tex
File: pgfsyssoftpath.code.tex 2008/07/18  (rcs-revision 1.7)
\pgfsyssoftpath@smallbuffer@items=\count96
\pgfsyssoftpath@bigbuffer@items=\count97
)
(/usr/share/texmf/tex/generic/pgf/systemlayer/pgfsysprotocol.code.tex
File: pgfsysprotocol.code.tex 2006/10/16  (rcs-revision 1.4)
))
(/usr/share/texmf/tex/generic/pgf/basiclayer/pgfcore.code.tex
Package: pgfcore 2010/04/11 v2.10 (rcs-revision 1.7)

(/usr/share/texmf/tex/generic/pgf/math/pgfmath.code.tex
(/usr/share/texmf/tex/generic/pgf/math/pgfmathcalc.code.tex
(/usr/share/texmf/tex/generic/pgf/math/pgfmathutil.code.tex)
(/usr/share/texmf/tex/generic/pgf/math/pgfmathparser.code.tex
\pgfmath@dimen=\dimen115
\pgfmath@count=\count98
\pgfmath@box=\box29
\pgfmath@toks=\toks27
\pgfmath@stack@operand=\toks28
\pgfmath@stack@operation=\toks29
)
(/usr/share/texmf/tex/generic/pgf/math/pgfmathfunctions.code.tex
(/usr/share/texmf/tex/generic/pgf/math/pgfmathfunctions.basic.code.tex)
(/usr/share/texmf/tex/generic/pgf/math/pgfmathfunctions.trigonometric.code.tex)
(/usr/share/texmf/tex/generic/pgf/math/pgfmathfunctions.random.code.tex)
(/usr/share/texmf/tex/generic/pgf/math/pgfmathfunctions.comparison.code.tex)
(/usr/share/texmf/tex/generic/pgf/math/pgfmathfunctions.base.code.tex)
(/usr/share/texmf/tex/generic/pgf/math/pgfmathfunctions.round.code.tex)
(/usr/share/texmf/tex/generic/pgf/math/pgfmathfunctions.misc.code.tex)))
(/usr/share/texmf/tex/generic/pgf/math/pgfmathfloat.code.tex
\c@pgfmathroundto@lastzeros=\count99
))
(/usr/share/texmf/tex/generic/pgf/basiclayer/pgfcorepoints.code.tex
File: pgfcorepoints.code.tex 2010/04/09  (rcs-revision 1.20)
\pgf@picminx=\dimen116
\pgf@picmaxx=\dimen117
\pgf@picminy=\dimen118
\pgf@picmaxy=\dimen119
\pgf@pathminx=\dimen120
\pgf@pathmaxx=\dimen121
\pgf@pathminy=\dimen122
\pgf@pathmaxy=\dimen123
\pgf@xx=\dimen124
\pgf@xy=\dimen125
\pgf@yx=\dimen126
\pgf@yy=\dimen127
\pgf@zx=\dimen128
\pgf@zy=\dimen129
)
(/usr/share/texmf/tex/generic/pgf/basiclayer/pgfcorepathconstruct.code.tex
File: pgfcorepathconstruct.code.tex 2010/08/03  (rcs-revision 1.24)
\pgf@path@lastx=\dimen130
\pgf@path@lasty=\dimen131
)
(/usr/share/texmf/tex/generic/pgf/basiclayer/pgfcorepathusage.code.tex
File: pgfcorepathusage.code.tex 2008/04/22  (rcs-revision 1.12)
\pgf@shorten@end@additional=\dimen132
\pgf@shorten@start@additional=\dimen133
)
(/usr/share/texmf/tex/generic/pgf/basiclayer/pgfcorescopes.code.tex
File: pgfcorescopes.code.tex 2010/09/08  (rcs-revision 1.34)
\pgfpic=\box30
\pgf@hbox=\box31
\pgf@layerbox@main=\box32
\pgf@picture@serial@count=\count100
)
(/usr/share/texmf/tex/generic/pgf/basiclayer/pgfcoregraphicstate.code.tex
File: pgfcoregraphicstate.code.tex 2008/04/22  (rcs-revision 1.9)
\pgflinewidth=\dimen134
)
(/usr/share/texmf/tex/generic/pgf/basiclayer/pgfcoretransformations.code.tex
File: pgfcoretransformations.code.tex 2009/06/10  (rcs-revision 1.11)
\pgf@pt@x=\dimen135
\pgf@pt@y=\dimen136
\pgf@pt@temp=\dimen137
)
(/usr/share/texmf/tex/generic/pgf/basiclayer/pgfcorequick.code.tex
File: pgfcorequick.code.tex 2008/10/09  (rcs-revision 1.3)
)
(/usr/share/texmf/tex/generic/pgf/basiclayer/pgfcoreobjects.code.tex
File: pgfcoreobjects.code.tex 2006/10/11  (rcs-revision 1.2)
)
(/usr/share/texmf/tex/generic/pgf/basiclayer/pgfcorepathprocessing.code.tex
File: pgfcorepathprocessing.code.tex 2008/10/09  (rcs-revision 1.8)
)
(/usr/share/texmf/tex/generic/pgf/basiclayer/pgfcorearrows.code.tex
File: pgfcorearrows.code.tex 2008/04/23  (rcs-revision 1.11)
)
(/usr/share/texmf/tex/generic/pgf/basiclayer/pgfcoreshade.code.tex
File: pgfcoreshade.code.tex 2008/11/23  (rcs-revision 1.13)
\pgf@max=\dimen138
\pgf@sys@shading@range@num=\count101
)
(/usr/share/texmf/tex/generic/pgf/basiclayer/pgfcoreimage.code.tex
File: pgfcoreimage.code.tex 2010/03/25  (rcs-revision 1.16)

(/usr/share/texmf/tex/generic/pgf/basiclayer/pgfcoreexternal.code.tex
File: pgfcoreexternal.code.tex 2010/09/01  (rcs-revision 1.17)
\pgfexternal@startupbox=\box33
))
(/usr/share/texmf/tex/generic/pgf/basiclayer/pgfcorelayers.code.tex
File: pgfcorelayers.code.tex 2010/08/27  (rcs-revision 1.2)
)
(/usr/share/texmf/tex/generic/pgf/basiclayer/pgfcoretransparency.code.tex
File: pgfcoretransparency.code.tex 2008/01/17  (rcs-revision 1.2)
)
(/usr/share/texmf/tex/generic/pgf/basiclayer/pgfcorepatterns.code.tex
File: pgfcorepatterns.code.tex 2009/07/02  (rcs-revision 1.3)
)))
(/usr/share/texmf/tex/generic/pgf/modules/pgfmoduleshapes.code.tex
File: pgfmoduleshapes.code.tex 2010/09/09  (rcs-revision 1.13)
\pgfnodeparttextbox=\box34
)
(/usr/share/texmf/tex/generic/pgf/modules/pgfmoduleplot.code.tex
File: pgfmoduleplot.code.tex 2010/10/22  (rcs-revision 1.8)
)
(/usr/share/texmf/tex/latex/pgf/compatibility/pgfcomp-version-0-65.sty
Package: pgfcomp-version-0-65 2007/07/03 v2.10 (rcs-revision 1.7)
\pgf@nodesepstart=\dimen139
\pgf@nodesepend=\dimen140
)
(/usr/share/texmf/tex/latex/pgf/compatibility/pgfcomp-version-1-18.sty
Package: pgfcomp-version-1-18 2007/07/23 v2.10 (rcs-revision 1.1)
))
(/usr/share/texmf/tex/latex/pgf/utilities/pgffor.sty
(/usr/share/texmf/tex/latex/pgf/utilities/pgfkeys.sty
(/usr/share/texmf/tex/generic/pgf/utilities/pgfkeys.code.tex))
(/usr/share/texmf/tex/generic/pgf/utilities/pgffor.code.tex
Package: pgffor 2010/03/23 v2.10 (rcs-revision 1.18)
\pgffor@iter=\dimen141
\pgffor@skip=\dimen142
\pgffor@stack=\toks30
\pgffor@toks=\toks31
))
(/usr/share/texmf/tex/generic/pgf/frontendlayer/tikz/tikz.code.tex
Package: tikz 2010/10/13 v2.10 (rcs-revision 1.76)

(/usr/share/texmf/tex/generic/pgf/libraries/pgflibraryplothandlers.code.tex
File: pgflibraryplothandlers.code.tex 2010/05/31 v2.10 (rcs-revision 1.15)
\pgf@plot@mark@count=\count102
\pgfplotmarksize=\dimen143
)
\tikz@lastx=\dimen144
\tikz@lasty=\dimen145
\tikz@lastxsaved=\dimen146
\tikz@lastysaved=\dimen147
\tikzleveldistance=\dimen148
\tikzsiblingdistance=\dimen149
\tikz@figbox=\box35
\tikz@tempbox=\box36
\tikztreelevel=\count103
\tikznumberofchildren=\count104
\tikznumberofcurrentchild=\count105
\tikz@fig@count=\count106

(/usr/share/texmf/tex/generic/pgf/modules/pgfmodulematrix.code.tex
File: pgfmodulematrix.code.tex 2010/08/24  (rcs-revision 1.4)
\pgfmatrixcurrentrow=\count107
\pgfmatrixcurrentcolumn=\count108
\pgf@matrix@numberofcolumns=\count109
)
\tikz@expandcount=\count110

(/usr/share/texmf/tex/generic/pgf/frontendlayer/tikz/libraries/tikzlibrarytopat
hs.code.tex
File: tikzlibrarytopaths.code.tex 2008/06/17 v2.10 (rcs-revision 1.2)
))) (/usr/share/texlive/texmf-dist/tex/latex/adjustbox/adjustbox.sty
Package: adjustbox 2012/05/21 v1.0 Adjusting TeX boxes (trim, clip, ...)
(/usr/share/texlive/texmf-dist/tex/latex/xkeyval/xkeyval.sty
Package: xkeyval 2012/10/14 v2.6b package option processing (HA)

(/usr/share/texlive/texmf-dist/tex/generic/xkeyval/xkeyval.tex
\XKV@toks=\toks32
\XKV@tempa@toks=\toks33
\XKV@depth=\count111
File: xkeyval.tex 2012/10/14 v2.6b key=value parser (HA)
))
(/usr/share/texlive/texmf-dist/tex/latex/adjustbox/adjcalc.sty
Package: adjcalc 2012/05/16 v1.1 Provides advanced setlength with multiple back
-ends (calc, etex, pgfmath)
)
(/usr/share/texlive/texmf-dist/tex/latex/adjustbox/trimclip.sty
Package: trimclip 2012/05/16 v1.0 Trim and clip general TeX material

(/usr/share/texlive/texmf-dist/tex/latex/collectbox/collectbox.sty
Package: collectbox 2012/05/17 v0.4b Collect macro arguments as boxes
\collectedbox=\box37
)
\tc@llx=\dimen150
\tc@lly=\dimen151
\tc@urx=\dimen152
\tc@ury=\dimen153
Package trimclip Info: Using driver 'tc-pdftex.def'.

(/usr/share/texlive/texmf-dist/tex/latex/adjustbox/tc-pdftex.def
File: tc-pdftex.def 2012/05/13 v1.0 Clipping driver for pdftex
))
\adjbox@Width=\dimen154
\adjbox@Height=\dimen155
\adjbox@Depth=\dimen156
\adjbox@Totalheight=\dimen157

(/usr/share/texlive/texmf-dist/tex/latex/ifoddpage/ifoddpage.sty
Package: ifoddpage 2011/09/13 v1.0 Conditionals for odd/even page detection
\c@checkoddpage=\count112
)
(/usr/share/texlive/texmf-dist/tex/latex/varwidth/varwidth.sty
Package: varwidth 2009/03/30 ver 0.92;  Variable-width minipages
\@vwid@box=\box38
\sift@deathcycles=\count113
\@vwid@loff=\dimen158
\@vwid@roff=\dimen159
))
(/usr/share/texlive/texmf-dist/tex/latex/tools/calc.sty
Package: calc 2007/08/22 v4.3 Infix arithmetic (KKT,FJ)
\calc@Acount=\count114
\calc@Bcount=\count115
\calc@Adimen=\dimen160
\calc@Bdimen=\dimen161
\calc@Askip=\skip53
\calc@Bskip=\skip54
LaTeX Info: Redefining \setlength on input line 76.
LaTeX Info: Redefining \addtolength on input line 77.
\calc@Ccount=\count116
\calc@Cskip=\skip55
)
(/usr/share/texlive/texmf-dist/tex/latex/geometry/geometry.sty
Package: geometry 2010/09/12 v5.6 Page Geometry

(/usr/share/texlive/texmf-dist/tex/generic/oberdiek/ifpdf.sty
Package: ifpdf 2011/01/30 v2.3 Provides the ifpdf switch (HO)
Package ifpdf Info: pdfTeX in PDF mode is detected.
)
(/usr/share/texlive/texmf-dist/tex/generic/oberdiek/ifvtex.sty
Package: ifvtex 2010/03/01 v1.5 Detect VTeX and its facilities (HO)
Package ifvtex Info: VTeX not detected.
)
(/usr/share/texlive/texmf-dist/tex/generic/ifxetex/ifxetex.sty
Package: ifxetex 2010/09/12 v0.6 Provides ifxetex conditional
)
\Gm@cnth=\count117
\Gm@cntv=\count118
\c@Gm@tempcnt=\count119
\Gm@bindingoffset=\dimen162
\Gm@wd@mp=\dimen163
\Gm@odd@mp=\dimen164
\Gm@even@mp=\dimen165
\Gm@layoutwidth=\dimen166
\Gm@layoutheight=\dimen167
\Gm@layouthoffset=\dimen168
\Gm@layoutvoffset=\dimen169
\Gm@dimlist=\toks34
)
(/usr/share/texlive/texmf-dist/tex/latex/koma-script/scrpage2.sty
Package: scrpage2 2013/12/19 v3.12 KOMA-Script package (page head and foot)
LaTeX Info: Redefining \pagemark on input line 174.
)

Class scrartcl Warning: Usage of package `titlesec' together
(scrartcl)              with a KOMA-Script class is not recommended.
(scrartcl)              I'd suggest to use the package only
(scrartcl)              if you really need it, because it breaks several
(scrartcl)              KOMA-Script features, i.e., option `headings' and
(scrartcl)              the extended optional argument of the section
(scrartcl)              commands .
(scrartcl)              Nevertheless, using requested
(scrartcl)              package `titlesec' on input line 81.

(/usr/share/texlive/texmf-dist/tex/latex/titlesec/titlesec.sty
Package: titlesec 2011/12/15 v2.10.0 Sectioning titles
\ttl@box=\box39
\beforetitleunit=\skip56
\aftertitleunit=\skip57
\ttl@plus=\dimen170
\ttl@minus=\dimen171
\ttl@toksa=\toks35
\titlewidth=\dimen172
\titlewidthlast=\dimen173
\titlewidthfirst=\dimen174
)
(/usr/share/texlive/texmf-dist/tex/latex/koma-script/tocstyle.sty
Package: tocstyle 2013/08/11 v0.2e-alpha LaTeX2e KOMA-Script package (versatile
 toc styles)


Package tocstyle Warning: THIS IS AN ALPHA VERSION!
(tocstyle)                USAGE OF THIS VERSION IS ON YOUR OWN RISK!
(tocstyle)                EVERYTHING MAY HAPPEN!
(tocstyle)                EVERYTHING MAY CHANGE IN FUTURE!
(tocstyle)                THERE IS NO SUPPORT, IF YOU USE THIS PACKAGE!
(tocstyle)                Maybe it would be better, not to load this package.

\tocstyle@indentstyle=\count120
Package tocstyle Info: no tocstyle.cfg found on input line 856.
)
exclude: leaders
exclude: leaders
exclude: leaders
exclude: leaders
exclude: leaders
exclude: leaders
exclude: leaders
exclude: leaders
exclude: leaders
exclude: leaders
exclude: leaders
exclude: leaders
exclude: leaders
exclude: leaders
exclude: leaders
exclude: leaders
exclude: leaders
exclude: leaders
exclude: 
exclude: 
\c@theorem=\count121

(/usr/share/texmf/tex/generic/pgf/frontendlayer/tikz/libraries/tikzlibrarydecor
ations.pathmorphing.code.tex
(/usr/share/texmf/tex/generic/pgf/frontendlayer/tikz/libraries/tikzlibrarydecor
ations.code.tex
(/usr/share/texmf/tex/generic/pgf/modules/pgfmoduledecorations.code.tex
\pgfdecoratedcompleteddistance=\dimen175
\pgfdecoratedremainingdistance=\dimen176
\pgfdecoratedinputsegmentcompleteddistance=\dimen177
\pgfdecoratedinputsegmentremainingdistance=\dimen178
\pgf@decorate@distancetomove=\dimen179
\pgf@decorate@repeatstate=\count122
\pgfdecorationsegmentamplitude=\dimen180
\pgfdecorationsegmentlength=\dimen181
)
\tikz@lib@dec@box=\box40
)
(/usr/share/texmf/tex/generic/pgf/libraries/decorations/pgflibrarydecorations.p
athmorphing.code.tex))
(/usr/share/texmf/tex/generic/pgf/frontendlayer/tikz/libraries/tikzlibraryshado
ws.code.tex
File: tikzlibraryshadows.code.tex 2008/01/13 v2.10 (rcs-revision 1.3)

(/usr/share/texmf/tex/generic/pgf/frontendlayer/tikz/libraries/tikzlibraryfadin
gs.code.tex
File: tikzlibraryfadings.code.tex 2009/11/15 v2.10 (rcs-revision 1.2)

(/usr/share/texmf/tex/generic/pgf/libraries/pgflibraryfadings.code.tex
File: pgflibraryfadings.code.tex 2008/02/07 v2.10 (rcs-revision 1.3)
))))
(/usr/share/texlive/texmf-dist/tex/latex/amsmath/amsmath.sty
Package: amsmath 2013/01/14 v2.14 AMS math features
\@mathmargin=\skip58

For additional information on amsmath, use the `?' option.
(/usr/share/texlive/texmf-dist/tex/latex/amsmath/amstext.sty
Package: amstext 2000/06/29 v2.01

(/usr/share/texlive/texmf-dist/tex/latex/amsmath/amsgen.sty
File: amsgen.sty 1999/11/30 v2.0
\@emptytoks=\toks36
\ex@=\dimen182
))
(/usr/share/texlive/texmf-dist/tex/latex/amsmath/amsbsy.sty
Package: amsbsy 1999/11/29 v1.2d
LaTeX Info: Redefining \boldsymbol on input line 39.
\pmbraise@=\dimen183
)
(/usr/share/texlive/texmf-dist/tex/latex/amsmath/amsopn.sty
Package: amsopn 1999/12/14 v2.01 operator names
)
\inf@bad=\count123
LaTeX Info: Redefining \frac on input line 210.
\uproot@=\count124
\leftroot@=\count125
LaTeX Info: Redefining \overline on input line 306.
\classnum@=\count126
\DOTSCASE@=\count127
LaTeX Info: Redefining \ldots on input line 378.
LaTeX Info: Redefining \dots on input line 381.
LaTeX Info: Redefining \cdots on input line 466.
\Mathstrutbox@=\box41
\strutbox@=\box42
\big@size=\dimen184
LaTeX Font Info:    Redeclaring font encoding OML on input line 566.
LaTeX Font Info:    Redeclaring font encoding OMS on input line 567.
\macc@depth=\count128
\c@MaxMatrixCols=\count129
\dotsspace@=\muskip10
\c@parentequation=\count130
\dspbrk@lvl=\count131
\tag@help=\toks37
\row@=\count132
\column@=\count133
\maxfields@=\count134
\andhelp@=\toks38
\eqnshift@=\dimen185
\alignsep@=\dimen186
\tagshift@=\dimen187
\tagwidth@=\dimen188
\totwidth@=\dimen189
\lineht@=\dimen190
\@envbody=\toks39
\multlinegap=\skip59
\multlinetaggap=\skip60
\mathdisplay@stack=\toks40
LaTeX Info: Redefining \[ on input line 2665.
LaTeX Info: Redefining \] on input line 2666.
)
(/usr/share/texlive/texmf-dist/tex/latex/caption/caption.sty
Package: caption 2013/05/02 v3.3-89 Customizing captions (AR)

(/usr/share/texlive/texmf-dist/tex/latex/caption/caption3.sty
Package: caption3 2013/05/02 v1.6-88 caption3 kernel (AR)
Package caption3 Info: TeX engine: e-TeX on input line 57.
\captionmargin=\dimen191
\captionmargin@=\dimen192
\captionwidth=\dimen193
\caption@tempdima=\dimen194
\caption@indent=\dimen195
\caption@parindent=\dimen196
\caption@hangindent=\dimen197
)
Package caption Info: KOMA-Script document class.
\c@ContinuedFloat=\count135
)
(/usr/share/texlive/texmf-dist/tex/latex/comment/comment.sty
\CommentStream=\write4

Excluding comment 'comment')
(/usr/share/texlive/texmf-dist/tex/latex/cancel/cancel.sty
Package: cancel 2013/04/12 v2.2 Cancel math terms
)
(/usr/share/texlive/texmf-dist/tex/latex/media9/media9.sty
(/usr/share/texlive/texmf-dist/tex/latex/l3kernel/expl3.sty
(/usr/share/texlive/texmf-dist/tex/latex/l3kernel/l3names.sty
(/usr/share/texlive/texmf-dist/tex/latex/l3kernel/l3bootstrap.sty
Package: l3bootstrap 2014/01/04 v4640 L3 Experimental bootstrap code
)
Package: l3names 2014/01/04 v4640 L3 Namespace for primitives
)
(/usr/share/texlive/texmf-dist/tex/latex/etex-pkg/etex.sty
Package: etex 1998/03/26 v2.0 eTeX basic definition package (PEB)
\et@xins=\count136
)
Package: expl3 2014/01/07 v4646 L3 Experimental code bundle wrapper

(/usr/share/texlive/texmf-dist/tex/latex/l3kernel/l3basics.sty
Package: l3basics 2014/01/04 v4642 L3 Basic definitions
)
(/usr/share/texlive/texmf-dist/tex/latex/l3kernel/l3expan.sty
Package: l3expan 2014/01/04 v4642 L3 Argument expansion
)
(/usr/share/texlive/texmf-dist/tex/latex/l3kernel/l3tl.sty
Package: l3tl 2013/12/27 v4625 L3 Token lists
)
(/usr/share/texlive/texmf-dist/tex/latex/l3kernel/l3seq.sty
Package: l3seq 2013/12/14 v4623 L3 Sequences and stacks
)
(/usr/share/texlive/texmf-dist/tex/latex/l3kernel/l3int.sty
Package: l3int 2013/08/02 v4583 L3 Integers
\c_max_int=\count137
\l_tmpa_int=\count138
\l_tmpb_int=\count139
\g_tmpa_int=\count140
\g_tmpb_int=\count141
)
(/usr/share/texlive/texmf-dist/tex/latex/l3kernel/l3quark.sty
Package: l3quark 2013/12/14 v4623 L3 Quarks
)
(/usr/share/texlive/texmf-dist/tex/latex/l3kernel/l3prg.sty
Package: l3prg 2014/01/04 v4642 L3 Control structures
\g__prg_map_int=\count142
)
(/usr/share/texlive/texmf-dist/tex/latex/l3kernel/l3clist.sty
Package: l3clist 2013/07/28 v4581 L3 Comma separated lists
)
(/usr/share/texlive/texmf-dist/tex/latex/l3kernel/l3token.sty
Package: l3token 2013/08/25 v4587 L3 Experimental token manipulation
)
(/usr/share/texlive/texmf-dist/tex/latex/l3kernel/l3prop.sty
Package: l3prop 2013/12/14 v4623 L3 Property lists
)
(/usr/share/texlive/texmf-dist/tex/latex/l3kernel/l3msg.sty
Package: l3msg 2013/07/28 v4581 L3 Messages
)
(/usr/share/texlive/texmf-dist/tex/latex/l3kernel/l3file.sty
Package: l3file 2013/10/13 v4596 L3 File and I/O operations
\l_iow_line_count_int=\count143
\l__iow_target_count_int=\count144
\l__iow_current_line_int=\count145
\l__iow_current_word_int=\count146
\l__iow_current_indentation_int=\count147
)
(/usr/share/texlive/texmf-dist/tex/latex/l3kernel/l3skip.sty
Package: l3skip 2013/07/28 v4581 L3 Dimensions and skips
\c_zero_dim=\dimen198
\c_max_dim=\dimen199
\l_tmpa_dim=\dimen200
\l_tmpb_dim=\dimen201
Normal \dimen register pool exhausted, switching to extended pool.
\g_tmpa_dim=\dimen256
\g_tmpb_dim=\dimen257
\c_zero_skip=\skip61
\c_max_skip=\skip62
\l_tmpa_skip=\skip63
\l_tmpb_skip=\skip64
\g_tmpa_skip=\skip65
\g_tmpb_skip=\skip66
\c_zero_muskip=\muskip11
\c_max_muskip=\muskip12
\l_tmpa_muskip=\muskip13
\l_tmpb_muskip=\muskip14
\g_tmpa_muskip=\muskip15
\g_tmpb_muskip=\muskip16
)
(/usr/share/texlive/texmf-dist/tex/latex/l3kernel/l3keys.sty
Package: l3keys 2013/12/08 v4614 L3 Experimental key-value interfaces
\g__keyval_level_int=\count148
\l_keys_choice_int=\count149
)
(/usr/share/texlive/texmf-dist/tex/latex/l3kernel/l3fp.sty
Package: l3fp 2014/01/04 v4642 L3 Floating points
\c__fp_leading_shift_int=\count150
\c__fp_middle_shift_int=\count151
\c__fp_trailing_shift_int=\count152
\c__fp_big_leading_shift_int=\count153
\c__fp_big_middle_shift_int=\count154
\c__fp_big_trailing_shift_int=\count155
\c__fp_Bigg_leading_shift_int=\count156
\c__fp_Bigg_middle_shift_int=\count157
\c__fp_Bigg_trailing_shift_int=\count158
)
(/usr/share/texlive/texmf-dist/tex/latex/l3kernel/l3box.sty
Package: l3box 2013/07/28 v4581 L3 Experimental boxes
\c_empty_box=\box43
\l_tmpa_box=\box44
\l_tmpb_box=\box45
\g_tmpa_box=\box46
\g_tmpb_box=\box47
)
(/usr/share/texlive/texmf-dist/tex/latex/l3kernel/l3coffins.sty
Package: l3coffins 2013/12/14 v4624 L3 Coffin code layer
\l__coffin_internal_box=\box48
\l__coffin_internal_dim=\dimen258
\l__coffin_offset_x_dim=\dimen259
\l__coffin_offset_y_dim=\dimen260
\l__coffin_x_dim=\dimen261
\l__coffin_y_dim=\dimen262
\l__coffin_x_prime_dim=\dimen263
\l__coffin_y_prime_dim=\dimen264
\c_empty_coffin=\box49
\l__coffin_aligned_coffin=\box50
\l__coffin_aligned_internal_coffin=\box51
\l_tmpa_coffin=\box52
\l_tmpb_coffin=\box53
\l__coffin_display_coffin=\box54
\l__coffin_display_coord_coffin=\box55
\l__coffin_display_pole_coffin=\box56
\l__coffin_display_offset_dim=\dimen265
\l__coffin_display_x_dim=\dimen266
\l__coffin_display_y_dim=\dimen267
)
(/usr/share/texlive/texmf-dist/tex/latex/l3kernel/l3color.sty
Package: l3color 2012/08/29 v4156 L3 Experimental color support
)
(/usr/share/texlive/texmf-dist/tex/latex/l3kernel/l3luatex.sty
Package: l3luatex 2013/07/28 v4581 L3 Experimental LuaTeX-specific functions
\g__cctab_allocate_int=\count159
\g__cctab_stack_int=\count160
)
(/usr/share/texlive/texmf-dist/tex/latex/l3kernel/l3candidates.sty
Package: l3candidates 2014/01/06 v4643 L3 Experimental additions to l3kernel
\l__box_top_dim=\dimen268
\l__box_bottom_dim=\dimen269
\l__box_left_dim=\dimen270
\l__box_right_dim=\dimen271
\l__box_top_new_dim=\dimen272
\l__box_bottom_new_dim=\dimen273
\l__box_left_new_dim=\dimen274
\l__box_right_new_dim=\dimen275
\l__box_internal_box=\box57
\l__coffin_bounding_shift_dim=\dimen276
\l__coffin_left_corner_dim=\dimen277
\l__coffin_right_corner_dim=\dimen278
\l__coffin_bottom_corner_dim=\dimen279
\l__coffin_top_corner_dim=\dimen280
\l__coffin_scaled_total_height_dim=\dimen281
\l__coffin_scaled_width_dim=\dimen282
))
(/usr/share/texlive/texmf-dist/tex/latex/l3experimental/l3str/l3regex.sty
Package: l3regex 2013/12/14 v4623 L3 Experimental regular expressions

(/usr/share/texlive/texmf-dist/tex/latex/l3experimental/l3str/l3tl-build.sty
Package: l3tl-build 2011/12/08 v3039 L3 Experimental token list construction
\l__tl_build_start_index_int=\count161
\l__tl_build_index_int=\count162
)
(/usr/share/texlive/texmf-dist/tex/latex/l3experimental/l3str/l3tl-analysis.sty
Package: l3tl-analysis 2011/12/08 v3039 L3 Experimental token lists analysis
(/usr/share/texlive/texmf-dist/tex/latex/l3experimental/l3str/l3str.sty
Package: l3str 2013/07/24 v4576 L3 Experimental strings
)
\l__tl_analysis_normal_int=\count163
\l__tl_analysis_index_int=\count164
\l__tl_analysis_nesting_int=\count165
\l__tl_analysis_type_int=\count166
)
(/usr/share/texlive/texmf-dist/tex/latex/l3experimental/l3str/l3flag.sty
Package: l3flag 2011/12/08 v3039 L3 Experimental flags
)
(/usr/share/texlive/texmf-dist/tex/latex/l3experimental/l3str/l3str-convert.sty
Package: l3str-convert 2013/01/08 v4339 L3 Experimental string encoding convers
ions
\l__str_internal_int=\count167
\c__str_replacement_char_int=\count168
)
\l__regex_internal_a_int=\count169
\l__regex_internal_b_int=\count170
\l__regex_internal_c_int=\count171
\l__regex_balance_int=\count172
\l__regex_group_level_int=\count173
\l__regex_mode_int=\count174
\l__regex_catcodes_int=\count175
\l__regex_default_catcodes_int=\count176
\c__regex_catcode_D_int=\count177
\c__regex_catcode_S_int=\count178
\c__regex_catcode_L_int=\count179
\c__regex_catcode_O_int=\count180
\c__regex_catcode_A_int=\count181
\c__regex_all_catcodes_int=\count182
\l__regex_show_lines_int=\count183
\l__regex_min_state_int=\count184
\l__regex_max_state_int=\count185
\l__regex_left_state_int=\count186
\l__regex_right_state_int=\count187
\l__regex_capturing_group_int=\count188
\l__regex_min_pos_int=\count189
\l__regex_max_pos_int=\count190
\l__regex_current_pos_int=\count191
\l__regex_start_pos_int=\count192
\l__regex_success_pos_int=\count193
\l__regex_current_char_int=\count194
\l__regex_current_catcode_int=\count195
\l__regex_last_char_int=\count196
\l__regex_case_changed_char_int=\count197
\l__regex_current_state_int=\count198
\l__regex_step_int=\count199
\l__regex_min_active_int=\count200
\l__regex_max_active_int=\count201
Normal \count register pool exhausted, switching to extended pool.
\l__regex_replacement_csnames_int=\count277
\l__regex_match_count_int=\count278
\l__regex_submatch_int=\count279
\l__regex_zeroth_submatch_int=\count280
) (/usr/share/texlive/texmf-dist/tex/latex/l3packages/l3keys2e/l3keys2e.sty
Package: l3keys2e 2013/12/31 v4634 LaTeX2e option processing using LaTeX3 keys
)
(/usr/share/texlive/texmf-dist/tex/latex/l3packages/xparse/xparse.sty
Package: xparse 2013/12/31 v4634 L3 Experimental document command parser
\l__xparse_current_arg_int=\count281
\l__xparse_m_args_int=\count282
\l__xparse_mandatory_args_int=\count283
\l__xparse_processor_int=\count284
\l__xparse_v_nesting_int=\count285
)
(/usr/share/texlive/texmf-dist/tex/generic/oberdiek/atbegshi.sty
Package: atbegshi 2011/10/05 v1.16 At begin shipout hook (HO)
)
Package: media9 2014/02/06 v0.39 acrobat-9/X compatible media
\l_mix_poster_box=\box58
\g_mix_wd_dim=\dimen283
\g_mix_ht_dim=\dimen284
\g_mix_dp_dim=\dimen285
\g_mix_rmcnt_int=\count286
\l_mix_viewcnt_int=\count287
\g@mix@page@int=\count288
\g_mix_resizeflag_int=\count289
\l_mix_lineno_int=\count290
.................................................
. LaTeX info: "xparse/define-command"
. 
. Defining document command \addmediapath with arg. spec. 'm' on line 1157.
.................................................
\l_mix_pbtn_box=\box59
.................................................
. LaTeX info: "xparse/define-command"
. 
. Defining document command \includemedia with arg. spec. 'O{}mm' on line
. 1446.
.................................................
\g_mix_mbtncnt_int=\count291
.................................................
. LaTeX info: "xparse/define-command"
. 
. Defining document command \mediabutton with arg. spec. 'O{}m' on line 2535.
.................................................
)
(/usr/share/texlive/texmf-dist/tex/latex/natbib/natbib.sty
Package: natbib 2010/09/13 8.31b (PWD, AO)
\bibhang=\skip67
\bibsep=\skip68
LaTeX Info: Redefining \cite on input line 694.
\c@NAT@ctr=\count292
)
(/usr/share/texlive/texmf-dist/tex/latex/units/units.sty
Package: units 1998/08/04 v0.9b Typesetting units

(/usr/share/texlive/texmf-dist/tex/latex/units/nicefrac.sty
Package: nicefrac 1998/08/04 v0.9b Nice fractions
\L@UnitsRaiseDisplaystyle=\skip69
\L@UnitsRaiseTextstyle=\skip70
\L@UnitsRaiseScriptstyle=\skip71
))
(/usr/share/texlive/texmf-dist/tex/latex/isomath/isomath.sty
Package: isomath 2012/09/04 v0.6.1 ISO math style

(/usr/share/texlive/texmf-dist/tex/latex/was/fixmath.sty
Package: fixmath 2000/04/11 v0.9 (WaS)
LaTeX Font Info:    Redeclaring math symbol \Gamma on input line 27.
LaTeX Font Info:    Redeclaring math symbol \Delta on input line 28.
LaTeX Font Info:    Redeclaring math symbol \Theta on input line 29.
LaTeX Font Info:    Redeclaring math symbol \Lambda on input line 30.
LaTeX Font Info:    Redeclaring math symbol \Xi on input line 31.
LaTeX Font Info:    Redeclaring math symbol \Pi on input line 32.
LaTeX Font Info:    Redeclaring math symbol \Sigma on input line 33.
LaTeX Font Info:    Redeclaring math symbol \Upsilon on input line 34.
LaTeX Font Info:    Redeclaring math symbol \Phi on input line 35.
LaTeX Font Info:    Redeclaring math symbol \Psi on input line 36.
LaTeX Font Info:    Redeclaring math symbol \Omega on input line 37.
LaTeX Font Info:    Redeclaring math symbol \alpha on input line 38.
LaTeX Font Info:    Redeclaring math symbol \beta on input line 39.
LaTeX Font Info:    Redeclaring math symbol \gamma on input line 40.
LaTeX Font Info:    Redeclaring math symbol \delta on input line 41.
LaTeX Font Info:    Redeclaring math symbol \epsilon on input line 42.
LaTeX Font Info:    Redeclaring math symbol \zeta on input line 43.
LaTeX Font Info:    Redeclaring math symbol \eta on input line 44.
LaTeX Font Info:    Redeclaring math symbol \theta on input line 45.
LaTeX Font Info:    Redeclaring math symbol \iota on input line 46.
LaTeX Font Info:    Redeclaring math symbol \kappa on input line 47.
LaTeX Font Info:    Redeclaring math symbol \lambda on input line 48.
LaTeX Font Info:    Redeclaring math symbol \mu on input line 49.
LaTeX Font Info:    Redeclaring math symbol \nu on input line 50.
LaTeX Font Info:    Redeclaring math symbol \xi on input line 51.
LaTeX Font Info:    Redeclaring math symbol \pi on input line 52.
LaTeX Font Info:    Redeclaring math symbol \rho on input line 53.
LaTeX Font Info:    Redeclaring math symbol \sigma on input line 54.
LaTeX Font Info:    Redeclaring math symbol \tau on input line 55.
LaTeX Font Info:    Redeclaring math symbol \upsilon on input line 56.
LaTeX Font Info:    Redeclaring math symbol \phi on input line 57.
LaTeX Font Info:    Redeclaring math symbol \chi on input line 58.
LaTeX Font Info:    Redeclaring math symbol \psi on input line 59.
LaTeX Font Info:    Redeclaring math symbol \omega on input line 60.
LaTeX Font Info:    Redeclaring math symbol \varepsilon on input line 61.
LaTeX Font Info:    Redeclaring math symbol \vartheta on input line 62.
LaTeX Font Info:    Redeclaring math symbol \varpi on input line 63.
LaTeX Font Info:    Redeclaring math symbol \varphi on input line 64.
LaTeX Font Info:    Redeclaring math symbol \varrho on input line 65.
LaTeX Font Info:    Redeclaring math symbol \varsigma on input line 66.
))
(/usr/share/texmf/tex/generic/pgf/frontendlayer/tikz/libraries/tikzlibrarycalc.
code.tex
File: tikzlibrarycalc.code.tex 2009/09/04 v2.10 (rcs-revision 1.6)
) (/usr/share/texlive/texmf-dist/tex/latex/base/inputenc.sty
Package: inputenc 2008/03/30 v1.1d Input encoding file
\inpenc@prehook=\toks41
\inpenc@posthook=\toks42

(/usr/share/texlive/texmf-dist/tex/latex/base/latin1.def
File: latin1.def 2008/03/30 v1.1d Input encoding file
))
(/usr/share/texlive/texmf-dist/tex/generic/babel/babel.sty
Package: babel 2013/12/03 3.9h The Babel package

(/usr/share/texlive/texmf-dist/tex/generic/babel-english/english.ldf
Language: english 2012/08/20 v3.3p English support from the babel system

(/usr/share/texlive/texmf-dist/tex/generic/babel/babel.def
File: babel.def 2013/12/03 3.9h Babel common definitions
\babel@savecnt=\count293
\U@D=\dimen286
)
\l@canadian = a dialect from \language\l@american 
\l@australian = a dialect from \language\l@british 
\l@newzealand = a dialect from \language\l@british 
))

LaTeX Warning: Unused global option(s):
    [pagesize, numbers=noendperiod, toc=nolistof].

(./presentation.aux)
\openout1 = `presentation.aux'.

LaTeX Font Info:    Checking defaults for OML/cmm/m/it on input line 84.
LaTeX Font Info:    ... okay on input line 84.
LaTeX Font Info:    Checking defaults for T1/cmr/m/n on input line 84.
LaTeX Font Info:    ... okay on input line 84.
LaTeX Font Info:    Checking defaults for OT1/cmr/m/n on input line 84.
LaTeX Font Info:    ... okay on input line 84.
LaTeX Font Info:    Checking defaults for OMS/cmsy/m/n on input line 84.
LaTeX Font Info:    ... okay on input line 84.
LaTeX Font Info:    Checking defaults for OMX/cmex/m/n on input line 84.
LaTeX Font Info:    ... okay on input line 84.
LaTeX Font Info:    Checking defaults for U/cmr/m/n on input line 84.
LaTeX Font Info:    ... okay on input line 84.
LaTeX Font Info:    Checking defaults for TS1/cmr/m/n on input line 84.
LaTeX Font Info:    ... okay on input line 84.
LaTeX Font Info:    Try loading font information for T1+phv on input line 84.
 (/usr/share/texlive/texmf-dist/tex/latex/psnfss/t1phv.fd
File: t1phv.fd 2001/06/04 scalable font definitions for T1/phv.
)
LaTeX Font Info:    Font shape `T1/phv/m/n' will be
(Font)              scaled to size 10.40245pt on input line 84.
LaTeX Info: Redefining \microtypecontext on input line 84.
Package microtype Info: Generating PDF output.
Package microtype Info: Character protrusion enabled (level 2).
Package microtype Info: Using default protrusion set `alltext'.
Package microtype Info: Automatic font expansion enabled (level 2),
(microtype)             stretch: 20, shrink: 20, step: 1, non-selected.
Package microtype Info: Using default expansion set `basictext'.
Package microtype Info: No adjustment of tracking.
Package microtype Info: No adjustment of interword spacing.
Package microtype Info: No adjustment of character kerning.
Package microtype Info: Loading generic settings for font family
(microtype)             `phv' (encoding: T1).
(microtype)             For optimal results, create family-specific settings.
(microtype)             See the microtype manual for details.

(/usr/share/texlive/texmf-dist/tex/context/base/supp-pdf.mkii
[Loading MPS to PDF converter (version 2006.09.02).]
\scratchcounter=\count294
\scratchdimen=\dimen287
\scratchbox=\box60
\nofMPsegments=\count295
\nofMParguments=\count296
\everyMPshowfont=\toks43
\MPscratchCnt=\count297
\MPscratchDim=\dimen288
\MPnumerator=\count298
\makeMPintoPDFobject=\count299
\everyMPtoPDFconversion=\toks44
) ABD: EveryShipout initializing macros
(/usr/share/texlive/texmf-dist/tex/generic/oberdiek/pdftexcmds.sty
Package: pdftexcmds 2011/11/29 v0.20 Utility functions of pdfTeX for LuaTeX (HO
)
Package pdftexcmds Info: LuaTeX not detected.
Package pdftexcmds Info: \pdf@primitive is available.
Package pdftexcmds Info: \pdf@ifprimitive is available.
Package pdftexcmds Info: \pdfdraftmode found.
)
(/usr/share/texlive/texmf-dist/tex/latex/oberdiek/epstopdf-base.sty
Package: epstopdf-base 2010/02/09 v2.5 Base part for package epstopdf

(/usr/share/texlive/texmf-dist/tex/latex/oberdiek/grfext.sty
Package: grfext 2010/08/19 v1.1 Manage graphics extensions (HO)

(/usr/share/texlive/texmf-dist/tex/generic/oberdiek/kvdefinekeys.sty
Package: kvdefinekeys 2011/04/07 v1.3 Define keys (HO)
))
Package grfext Info: Graphics extension search list:
(grfext)             [.png,.pdf,.jpg,.mps,.jpeg,.jbig2,.jb2,.PNG,.PDF,.JPG,.JPE
G,.JBIG2,.JB2,.eps]
(grfext)             \AppendGraphicsExtensions on input line 452.

(/usr/share/texlive/texmf-dist/tex/latex/latexconfig/epstopdf-sys.cfg
File: epstopdf-sys.cfg 2010/07/13 v1.3 Configuration of (r)epstopdf for TeX Liv
e
))
*geometry* driver: auto-detecting
*geometry* detected driver: pdftex
*geometry* verbose mode - [ preamble ] result:
* driver: pdftex
* paper: <default>
* layout: <same size as paper>
* layoutoffset:(h,v)=(0.0pt,0.0pt)
* modes: includehead includefoot 
* h-part:(L,W,R)=(15.649pt, 332.89726pt, 15.649pt)
* v-part:(T,H,B)=(2.84526pt, 260.34274pt, 9.95845pt)
* \paperwidth=364.19527pt
* \paperheight=273.14645pt
* \textwidth=332.89726pt
* \textheight=240.49748pt
* \oddsidemargin=-56.62099pt
* \evensidemargin=-56.62099pt
* \topmargin=-69.42473pt
* \headheight=17.0pt
* \headsep=0.0pt
* \topskip=11.0pt
* \footskip=2.84526pt
* \marginparwidth=59.7508pt
* \marginparsep=12.8401pt
* \columnsep=10.0pt
* \skip\footins=10.0pt plus 4.0pt minus 2.0pt
* \hoffset=0.0pt
* \voffset=0.0pt
* \mag=1000
* \@twocolumnfalse
* \@twosidefalse
* \@mparswitchfalse
* \@reversemarginfalse
* (1in=72.27pt=25.4mm, 1cm=28.453pt)

LaTeX Font Info:    Font shape `T1/phv/bx/n' in size <10.95> not available
(Font)              Font shape `T1/phv/b/n' tried instead on input line 84.
LaTeX Font Info:    Font shape `T1/phv/b/n' will be
(Font)              scaled to size 10.40245pt on input line 84.
LaTeX Font Info:    Font shape `T1/phv/bx/n' in size <12> not available
(Font)              Font shape `T1/phv/b/n' tried instead on input line 84.
LaTeX Font Info:    Font shape `T1/phv/b/n' will be
(Font)              scaled to size 11.39996pt on input line 84.
Package tocstyle Info: prepare \l@part for redefinition on input line 84.
Package tocstyle Info: prepare \l@section for redefinition on input line 84.
Package tocstyle Info: prepare \l@subsection for redefinition on input line 84.

LaTeX Font Info:    Try loading font information for OT1+phv on input line 84.
(/usr/share/texlive/texmf-dist/tex/latex/psnfss/ot1phv.fd
File: ot1phv.fd 2001/06/04 scalable font definitions for OT1/phv.
)
LaTeX Font Info:    Font shape `OT1/phv/m/n' will be
(Font)              scaled to size 10.40245pt on input line 84.
Package microtype Info: Loading generic settings for font family
(microtype)             `phv' (encoding: OT1).
(microtype)             For optimal results, create family-specific settings.
(microtype)             See the microtype manual for details.
LaTeX Font Info:    Font shape `OT1/phv/m/n' will be
(Font)              scaled to size 7.59998pt on input line 84.
LaTeX Font Info:    Font shape `OT1/phv/m/n' will be
(Font)              scaled to size 5.69998pt on input line 84.
LaTeX Font Info:    Try loading font information for OML+lmm on input line 84.

(/usr/share/texmf/tex/latex/lm/omllmm.fd
File: omllmm.fd 2009/10/30 v1.6 Font defs for Latin Modern
)
LaTeX Font Info:    Try loading font information for OMS+lmsy on input line 84.


(/usr/share/texmf/tex/latex/lm/omslmsy.fd
File: omslmsy.fd 2009/10/30 v1.6 Font defs for Latin Modern
)
LaTeX Font Info:    Try loading font information for OMX+lmex on input line 84.


(/usr/share/texmf/tex/latex/lm/omxlmex.fd
File: omxlmex.fd 2009/10/30 v1.6 Font defs for Latin Modern
)
LaTeX Font Info:    External font `lmex10' loaded for size
(Font)              <10.95> on input line 84.
LaTeX Font Info:    External font `lmex10' loaded for size
(Font)              <8> on input line 84.
LaTeX Font Info:    External font `lmex10' loaded for size
(Font)              <6> on input line 84.
LaTeX Font Info:    Font shape `OT1/phv/m/sl' will be
(Font)              scaled to size 10.40245pt on input line 84.
LaTeX Font Info:    Font shape `OT1/phv/m/sl' will be
(Font)              scaled to size 7.59998pt on input line 84.
LaTeX Font Info:    Font shape `OT1/phv/m/sl' will be
(Font)              scaled to size 5.69998pt on input line 84.
Package microtype Info: Loading generic settings for font family
(microtype)             `cmss' (encoding: OT1).
(microtype)             For optimal results, create family-specific settings.
(microtype)             See the microtype manual for details.
LaTeX Font Info:    Font shape `OT1/phv/bx/n' in size <10.95> not available
(Font)              Font shape `OT1/phv/b/n' tried instead on input line 84.
LaTeX Font Info:    Font shape `OT1/phv/b/n' will be
(Font)              scaled to size 10.40245pt on input line 84.
LaTeX Font Info:    Font shape `OT1/phv/bx/n' in size <8> not available
(Font)              Font shape `OT1/phv/b/n' tried instead on input line 84.
LaTeX Font Info:    Font shape `OT1/phv/b/n' will be
(Font)              scaled to size 7.59998pt on input line 84.
LaTeX Font Info:    Font shape `OT1/phv/bx/n' in size <6> not available
(Font)              Font shape `OT1/phv/b/n' tried instead on input line 84.
LaTeX Font Info:    Font shape `OT1/phv/b/n' will be
(Font)              scaled to size 5.69998pt on input line 84.
LaTeX Font Info:    Font shape `OT1/phv/bx/sl' in size <10.95> not available
(Font)              Font shape `OT1/phv/b/sl' tried instead on input line 84.
LaTeX Font Info:    Font shape `OT1/phv/b/sl' will be
(Font)              scaled to size 10.40245pt on input line 84.
LaTeX Font Info:    Font shape `OT1/phv/bx/sl' in size <8> not available
(Font)              Font shape `OT1/phv/b/sl' tried instead on input line 84.
LaTeX Font Info:    Font shape `OT1/phv/b/sl' will be
(Font)              scaled to size 7.59998pt on input line 84.
LaTeX Font Info:    Font shape `OT1/phv/bx/sl' in size <6> not available
(Font)              Font shape `OT1/phv/b/sl' tried instead on input line 84.
LaTeX Font Info:    Font shape `OT1/phv/b/sl' will be
(Font)              scaled to size 5.69998pt on input line 84.
Package tocstyle Info: prepare \l@subsubsection for redefinition on input line 
84.
Package tocstyle Info: prepare \l@table for redefinition on input line 84.
Package tocstyle Info: prepare \l@figure for redefinition on input line 84.
Package caption Info: Begin \AtBeginDocument code.
Package caption Info: End \AtBeginDocument code.
\AtBeginShipoutBox=\box61
Package scrbase Info: activating english \contentsname on input line 84.

<eth_logo_kurz_neg_13.pdf, id=20, 141.23163pt x 22.94704pt>
File: eth_logo_kurz_neg_13.pdf Graphic file (type pdf)

<use eth_logo_kurz_neg_13.pdf>
Package pdftex.def Info: eth_logo_kurz_neg_13.pdf used on input line 86.
(pdftex.def)             Requested size: 36.41953pt x 5.91705pt.
 <title.jpg, id=21, 2070.73625pt x 1129.21875pt>
File: title.jpg Graphic file (type jpg)

<use title.jpg>
Package pdftex.def Info: title.jpg used on input line 86.
(pdftex.def)             Requested size: 338.5878pt x 121.82307pt.
LaTeX Font Info:    Font shape `T1/phv/m/n' will be
(Font)              scaled to size 11.39996pt on input line 86.

Underfull \hbox (badness 10000) in paragraph at lines 86--94

 []


Underfull \hbox (badness 10000) in paragraph at lines 86--94

 []


Underfull \hbox (badness 10000) in paragraph at lines 86--94

 []

File: eth_logo_kurz_neg_13.pdf Graphic file (type pdf)
<use eth_logo_kurz_neg_13.pdf>
Package pdftex.def Info: eth_logo_kurz_neg_13.pdf used on input line 96.
(pdftex.def)             Requested size: 36.41953pt x 5.91705pt.
LaTeX Font Info:    Font shape `T1/phv/m/n' will be
(Font)              scaled to size 3.79999pt on input line 96.

<asl_logo_right.pdf, id=23, 1365.1pt x 221.82875pt>
File: asl_logo_right.pdf Graphic file (type pdf)
 <use asl_logo_right.pdf>
Package pdftex.def Info: asl_logo_right.pdf used on input line 96.
(pdftex.def)             Requested size: 68.2866pt x 11.09546pt.
LaTeX Font Info:    Calculating math sizes for size <4> on input line 96.
LaTeX Font Info:    Font shape `OT1/phv/m/n' will be
(Font)              scaled to size 3.79999pt on input line 96.
LaTeX Font Info:    Font shape `OT1/phv/m/n' will be
(Font)              scaled to size 2.65997pt on input line 96.
LaTeX Font Info:    Font shape `OT1/phv/m/n' will be
(Font)              scaled to size 1.9pt on input line 96.
LaTeX Font Info:    External font `lmex10' loaded for size
(Font)              <4> on input line 96.
LaTeX Font Info:    External font `lmex10' loaded for size
(Font)              <2.79999> on input line 96.
LaTeX Font Info:    External font `lmex10' loaded for size
(Font)              <2> on input line 96.
LaTeX Font Info:    Font shape `OT1/phv/m/sl' will be
(Font)              scaled to size 3.79999pt on input line 96.
LaTeX Font Info:    Font shape `OT1/phv/m/sl' will be
(Font)              scaled to size 2.65997pt on input line 96.
LaTeX Font Info:    Font shape `OT1/phv/m/sl' will be
(Font)              scaled to size 1.9pt on input line 96.
LaTeX Font Info:    Font shape `OT1/phv/bx/n' in size <4> not available
(Font)              Font shape `OT1/phv/b/n' tried instead on input line 96.
LaTeX Font Info:    Font shape `OT1/phv/b/n' will be
(Font)              scaled to size 3.79999pt on input line 96.
LaTeX Font Info:    Font shape `OT1/phv/bx/n' in size <2.79999> not available
(Font)              Font shape `OT1/phv/b/n' tried instead on input line 96.
LaTeX Font Info:    Font shape `OT1/phv/b/n' will be
(Font)              scaled to size 2.65997pt on input line 96.
LaTeX Font Info:    Font shape `OT1/phv/bx/n' in size <2> not available
(Font)              Font shape `OT1/phv/b/n' tried instead on input line 96.
LaTeX Font Info:    Font shape `OT1/phv/b/n' will be
(Font)              scaled to size 1.9pt on input line 96.
LaTeX Font Info:    Font shape `OT1/phv/bx/sl' in size <4> not available
(Font)              Font shape `OT1/phv/b/sl' tried instead on input line 96.
LaTeX Font Info:    Font shape `OT1/phv/b/sl' will be
(Font)              scaled to size 3.79999pt on input line 96.
LaTeX Font Info:    Font shape `OT1/phv/bx/sl' in size <2.79999> not available
(Font)              Font shape `OT1/phv/b/sl' tried instead on input line 96.
LaTeX Font Info:    Font shape `OT1/phv/b/sl' will be
(Font)              scaled to size 2.65997pt on input line 96.
LaTeX Font Info:    Font shape `OT1/phv/bx/sl' in size <2> not available
(Font)              Font shape `OT1/phv/b/sl' tried instead on input line 96.
LaTeX Font Info:    Font shape `OT1/phv/b/sl' will be
(Font)              scaled to size 1.9pt on input line 96.

[1

{/var/lib/texmf/fonts/map/pdftex/updmap/pdftex.map} <./title.jpg> <./eth_logo_k
urz_neg_13.pdf> <./asl_logo_right.pdf>]
Underfull \hbox (badness 10000) in paragraph at lines 96--97

 []

LaTeX Font Info:    Font shape `T1/phv/bx/n' in size <14.4> not available
(Font)              Font shape `T1/phv/b/n' tried instead on input line 97.
LaTeX Font Info:    Font shape `T1/phv/b/n' will be
(Font)              scaled to size 13.67995pt on input line 97.
File: asl_logo_right.pdf Graphic file (type pdf)
<use asl_logo_right.pdf>
Package pdftex.def Info: asl_logo_right.pdf used on input line 105.
(pdftex.def)             Requested size: 68.2866pt x 11.09546pt.
 [2]
File: eth_logo_kurz_neg_13.pdf Graphic file (type pdf)
 <use eth_logo_kurz_neg_13.pdf>
Package pdftex.def Info: eth_logo_kurz_neg_13.pdf used on input line 107.
(pdftex.def)             Requested size: 36.41953pt x 5.91705pt.

Underfull \hbox (badness 10000) in paragraph at lines 107--108

 []

(./TikZ_drawings/STS_and_LTS/STSandLTS.tikz
Overfull \hbox (10.13567pt too wide) in paragraph at lines 40--41
[][] 
 []

)
File: asl_logo_right.pdf Graphic file (type pdf)
 <use asl_logo_right.pdf>
Package pdftex.def Info: asl_logo_right.pdf used on input line 113.
(pdftex.def)             Requested size: 68.2866pt x 11.09546pt.
 [3

]
File: asl_logo_right.pdf Graphic file (type pdf)
 <use asl_logo_right.pdf>
Package pdftex.def Info: asl_logo_right.pdf used on input line 113.
(pdftex.def)             Requested size: 68.2866pt x 11.09546pt.
 [4]
Overfull \vbox (73.58986pt too high) has occurred while \output is active []

File: asl_logo_right.pdf Graphic file (type pdf)

<use asl_logo_right.pdf>
Package pdftex.def Info: asl_logo_right.pdf used on input line 113.
(pdftex.def)             Requested size: 68.2866pt x 11.09546pt.
 [5]
File: eth_logo_kurz_neg_13.pdf Graphic file (type pdf)
 <use eth_logo_kurz_neg_13.pdf>
Package pdftex.def Info: eth_logo_kurz_neg_13.pdf used on input line 115.
(pdftex.def)             Requested size: 36.41953pt x 5.91705pt.

Underfull \hbox (badness 10000) in paragraph at lines 115--116

 []

File: asl_logo_right.pdf Graphic file (type pdf)
<use asl_logo_right.pdf>
Package pdftex.def Info: asl_logo_right.pdf used on input line 119.
(pdftex.def)             Requested size: 68.2866pt x 11.09546pt.
 [6

]
File: eth_logo_kurz_neg_13.pdf Graphic file (type pdf)
 <use eth_logo_kurz_neg_13.pdf>
Package pdftex.def Info: eth_logo_kurz_neg_13.pdf used on input line 121.
(pdftex.def)             Requested size: 36.41953pt x 5.91705pt.

Underfull \hbox (badness 10000) in paragraph at lines 121--122

 []

File: asl_logo_right.pdf Graphic file (type pdf)
<use asl_logo_right.pdf>
Package pdftex.def Info: asl_logo_right.pdf used on input line 125.
(pdftex.def)             Requested size: 68.2866pt x 11.09546pt.
 [7

]
File: eth_logo_kurz_neg_13.pdf Graphic file (type pdf)
 <use eth_logo_kurz_neg_13.pdf>
Package pdftex.def Info: eth_logo_kurz_neg_13.pdf used on input line 127.
(pdftex.def)             Requested size: 36.41953pt x 5.91705pt.

Underfull \hbox (badness 10000) in paragraph at lines 127--128

 []

File: asl_logo_right.pdf Graphic file (type pdf)
<use asl_logo_right.pdf>
Package pdftex.def Info: asl_logo_right.pdf used on input line 131.
(pdftex.def)             Requested size: 68.2866pt x 11.09546pt.
 [8

]
File: eth_logo_kurz_neg_13.pdf Graphic file (type pdf)
 <use eth_logo_kurz_neg_13.pdf>
Package pdftex.def Info: eth_logo_kurz_neg_13.pdf used on input line 137.
(pdftex.def)             Requested size: 36.41953pt x 5.91705pt.

Underfull \hbox (badness 10000) in paragraph at lines 137--138

 []

Package tocbasic Info: character protrusion at toc deactivated on input line 13
9.
(./presentation.toc
number indent by \l@... (toc, 1):  0.0pt
text indent by \l@... (toc, 1):  15.60367pt
number indent by parent (toc, 1):  0.0pt
text indent calculated (toc, 1): 15.60367pt
number indent calculated (toc, 1): 0.0pt
number indent by \l@... (toc, 2):  15.60367pt
text indent by \l@... (toc, 2):  23.92566pt
number indent by parent (toc, 2):  15.60367pt
text indent calculated (toc, 2): 23.92566pt
number indent calculated (toc, 2): 15.60367pt
)
\tf@toc=\write5
\openout5 = `presentation.toc'.

File: asl_logo_right.pdf Graphic file (type pdf)
 <use asl_logo_right.pdf>
Package pdftex.def Info: asl_logo_right.pdf used on input line 141.
(pdftex.def)             Requested size: 68.2866pt x 11.09546pt.
 [9

]
File: eth_logo_kurz_neg_13.pdf Graphic file (type pdf)
 <use eth_logo_kurz_neg_13.pdf>
Package pdftex.def Info: eth_logo_kurz_neg_13.pdf used on input line 143.
(pdftex.def)             Requested size: 36.41953pt x 5.91705pt.

Underfull \hbox (badness 10000) in paragraph at lines 143--144

 []

\g__file_internal_ior=\read2
<<VPlayer.swf>><<LittleDog.mp4>>
LaTeX Font Info:    Font shape `T1/phv/m/n' will be
(Font)              scaled to size 8.54997pt on input line 154.
File: asl_logo_right.pdf Graphic file (type pdf)
 <use asl_logo_right.pdf>
Package pdftex.def Info: asl_logo_right.pdf used on input line 156.
(pdftex.def)             Requested size: 68.2866pt x 11.09546pt.
 [10

]
File: eth_logo_kurz_neg_13.pdf Graphic file (type pdf)

<use eth_logo_kurz_neg_13.pdf>
Package pdftex.def Info: eth_logo_kurz_neg_13.pdf used on input line 159.
(pdftex.def)             Requested size: 36.41953pt x 5.91705pt.

Underfull \hbox (badness 10000) in paragraph at lines 159--160

 []

LaTeX Font Info:    Font shape `T1/phv/bx/n' in size <9> not available
(Font)              Font shape `T1/phv/b/n' tried instead on input line 160.
LaTeX Font Info:    Font shape `T1/phv/b/n' will be
(Font)              scaled to size 8.54997pt on input line 160.
LaTeX Font Info:    Font shape `OT1/phv/m/n' will be
(Font)              scaled to size 8.54997pt on input line 171.
LaTeX Font Info:    Font shape `OT1/phv/m/n' will be
(Font)              scaled to size 4.74998pt on input line 171.
LaTeX Font Info:    External font `lmex10' loaded for size
(Font)              <9> on input line 171.
LaTeX Font Info:    External font `lmex10' loaded for size
(Font)              <5> on input line 171.
LaTeX Font Info:    Font shape `OT1/phv/m/sl' will be
(Font)              scaled to size 8.54997pt on input line 171.
LaTeX Font Info:    Font shape `OT1/phv/m/sl' will be
(Font)              scaled to size 4.74998pt on input line 171.
LaTeX Font Info:    Font shape `OT1/phv/bx/n' in size <9> not available
(Font)              Font shape `OT1/phv/b/n' tried instead on input line 171.
LaTeX Font Info:    Font shape `OT1/phv/b/n' will be
(Font)              scaled to size 8.54997pt on input line 171.
LaTeX Font Info:    Font shape `OT1/phv/bx/n' in size <5> not available
(Font)              Font shape `OT1/phv/b/n' tried instead on input line 171.
LaTeX Font Info:    Font shape `OT1/phv/b/n' will be
(Font)              scaled to size 4.74998pt on input line 171.
LaTeX Font Info:    Font shape `OT1/phv/bx/sl' in size <9> not available
(Font)              Font shape `OT1/phv/b/sl' tried instead on input line 171.
LaTeX Font Info:    Font shape `OT1/phv/b/sl' will be
(Font)              scaled to size 8.54997pt on input line 171.
LaTeX Font Info:    Font shape `OT1/phv/bx/sl' in size <5> not available
(Font)              Font shape `OT1/phv/b/sl' tried instead on input line 171.
LaTeX Font Info:    Font shape `OT1/phv/b/sl' will be
(Font)              scaled to size 4.74998pt on input line 171.
<SlopeStdDev.png, id=94, 752.8125pt x 1304.875pt>
File: SlopeStdDev.png Graphic file (type png)
 <use SlopeStdDev.png>
Package pdftex.def Info: SlopeStdDev.png used on input line 174.
(pdftex.def)             Requested size: 97.37228pt x 168.76363pt.

Excluding 'comment' comment.
File: asl_logo_right.pdf Graphic file (type pdf)
 <use asl_logo_right.pdf>
Package pdftex.def Info: asl_logo_right.pdf used on input line 192.
(pdftex.def)             Requested size: 68.2866pt x 11.09546pt.
 [11

 <./SlopeStdDev.png>]
Excluding 'comment' comment. (./presentation.aux) ) 
Here is how much of TeX's memory you used:
 26776 strings out of 493304
 513266 string characters out of 6139872
 612254 words of memory out of 5000000
 29629 multiletter control sequences out of 15000+600000
 59905 words of font info for 125 fonts, out of 8000000 for 9000
 957 hyphenation exceptions out of 8191
 72i,16n,100p,10378b,599s stack positions out of 5000i,500n,10000p,200000b,80000s
{/usr/share/texlive/texmf-di
st/fonts/enc/dvips/base/8r.enc}</usr/share/texlive/texmf-dist/fonts/type1/urw/h
elvetic/uhvb8a.pfb></usr/share/texlive/texmf-dist/fonts/type1/urw/helvetic/uhvr
8a.pfb>
Output written on presentation.pdf (11 pages, 4008379 bytes).
PDF statistics:
 110 PDF objects out of 1000 (max. 8388607)
 57 compressed objects within 1 object stream
 0 named destinations out of 1000 (max. 500000)
 39603 words of extra memory for PDF output out of 42996 (max. 10000000)

